This file contains any messages produced by compilers while
running configure, to aid debugging if configure makes a mistake.

It was created by lpel configure 1.x, which was
generated by GNU Autoconf 2.69.  Invocation command line was

  $ ./configure --with-pcl=/mnt/snet/pcl-1.12 --prefix=/mnt/snet/lpel-master

## --------- ##
## Platform. ##
## --------- ##

hostname = vicent-VirtualBox
uname -m = i686
uname -r = 3.13.0-40-generic
uname -s = Linux
uname -v = #69-Ubuntu SMP Thu Nov 13 17:56:26 UTC 2014

/usr/bin/uname -p = unknown
/bin/uname -X     = unknown

/bin/arch              = unknown
/usr/bin/arch -k       = unknown
/usr/convex/getsysinfo = unknown
/usr/bin/hostinfo      = unknown
/bin/machine           = unknown
/usr/bin/oslevel       = unknown
/bin/universe          = unknown

PATH: /usr/local/sbin
PATH: /usr/local/bin
PATH: /usr/sbin
PATH: /usr/bin
PATH: /sbin
PATH: /bin
PATH: /usr/games
PATH: /usr/local/games


## ----------- ##
## Core tests. ##
## ----------- ##

configure:2286: checking for a BSD-compatible install
configure:2354: result: /usr/bin/install -c
configure:2365: checking whether build environment is sane
configure:2420: result: yes
configure:2571: checking for a thread-safe mkdir -p
configure:2610: result: /bin/mkdir -p
configure:2617: checking for gawk
configure:2647: result: no
configure:2617: checking for mawk
configure:2633: found /usr/bin/mawk
configure:2644: result: mawk
configure:2655: checking whether make sets $(MAKE)
configure:2677: result: yes
configure:2706: checking whether make supports nested variables
configure:2723: result: yes
configure:2803: checking whether UID '1000' is supported by ustar format
configure:2806: result: yes
configure:2813: checking whether GID '1000' is supported by ustar format
configure:2816: result: yes
configure:2824: checking how to create a ustar tar archive
configure:2835: tar --version
tar (GNU tar) 1.27.1
Copyright (C) 2013 Free Software Foundation, Inc.
License GPLv3+: GNU GPL version 3 or later <http://gnu.org/licenses/gpl.html>.
This is free software: you are free to change and redistribute it.
There is NO WARRANTY, to the extent permitted by law.

Written by John Gilmore and Jay Fenlason.
configure:2838: $? = 0
configure:2878: tardir=conftest.dir && eval tar --format=ustar -chf - "$tardir" >conftest.tar
configure:2881: $? = 0
configure:2885: tar -xf - <conftest.tar
tar: conftest.dir/file: time stamp 2014-12-08 15:12:51 is 1.860820846 s in the future
tar: conftest.dir: time stamp 2014-12-08 15:12:51 is 1.849687286 s in the future
configure:2888: $? = 0
configure:2890: cat conftest.dir/file
GrepMe
configure:2893: $? = 0
configure:2906: result: gnutar
configure:2966: checking whether make supports nested variables
configure:2983: result: yes
configure:3007: checking for style of include used by make
configure:3035: result: GNU
configure:3106: checking for gcc
configure:3122: found /usr/bin/gcc
configure:3133: result: gcc
configure:3362: checking for C compiler version
configure:3371: gcc --version >&5
gcc (Ubuntu 4.8.2-19ubuntu1) 4.8.2
Copyright (C) 2013 Free Software Foundation, Inc.
This is free software; see the source for copying conditions.  There is NO
warranty; not even for MERCHANTABILITY or FITNESS FOR A PARTICULAR PURPOSE.

configure:3382: $? = 0
configure:3371: gcc -v >&5
Using built-in specs.
COLLECT_GCC=gcc
COLLECT_LTO_WRAPPER=/usr/lib/gcc/i686-linux-gnu/4.8/lto-wrapper
Target: i686-linux-gnu
Configured with: ../src/configure -v --with-pkgversion='Ubuntu 4.8.2-19ubuntu1' --with-bugurl=file:///usr/share/doc/gcc-4.8/README.Bugs --enable-languages=c,c++,java,go,d,fortran,objc,obj-c++ --prefix=/usr --program-suffix=-4.8 --enable-shared --enable-linker-build-id --libexecdir=/usr/lib --without-included-gettext --enable-threads=posix --with-gxx-include-dir=/usr/include/c++/4.8 --libdir=/usr/lib --enable-nls --with-sysroot=/ --enable-clocale=gnu --enable-libstdcxx-debug --enable-libstdcxx-time=yes --enable-gnu-unique-object --disable-libmudflap --enable-plugin --with-system-zlib --disable-browser-plugin --enable-java-awt=gtk --enable-gtk-cairo --with-java-home=/usr/lib/jvm/java-1.5.0-gcj-4.8-i386/jre --enable-java-home --with-jvm-root-dir=/usr/lib/jvm/java-1.5.0-gcj-4.8-i386 --with-jvm-jar-dir=/usr/lib/jvm-exports/java-1.5.0-gcj-4.8-i386 --with-arch-directory=i386 --with-ecj-jar=/usr/share/java/eclipse-ecj.jar --enable-objc-gc --enable-targets=all --enable-multiarch --disable-werror --with-arch-32=i686 --with-multilib-list=m32,m64,mx32 --with-tune=generic --enable-checking=release --build=i686-linux-gnu --host=i686-linux-gnu --target=i686-linux-gnu
Thread model: posix
gcc version 4.8.2 (Ubuntu 4.8.2-19ubuntu1) 
configure:3382: $? = 0
configure:3371: gcc -V >&5
gcc: error: unrecognized command line option '-V'
gcc: fatal error: no input files
compilation terminated.
configure:3382: $? = 4
configure:3371: gcc -qversion >&5
gcc: error: unrecognized command line option '-qversion'
gcc: fatal error: no input files
compilation terminated.
configure:3382: $? = 4
configure:3402: checking whether the C compiler works
configure:3424: gcc    conftest.c  >&5
configure:3428: $? = 0
configure:3476: result: yes
configure:3479: checking for C compiler default output file name
configure:3481: result: a.out
configure:3487: checking for suffix of executables
configure:3494: gcc -o conftest    conftest.c  >&5
configure:3498: $? = 0
configure:3520: result: 
configure:3542: checking whether we are cross compiling
configure:3550: gcc -o conftest    conftest.c  >&5
configure:3554: $? = 0
configure:3561: ./conftest
configure:3565: $? = 0
configure:3580: result: no
configure:3585: checking for suffix of object files
configure:3607: gcc -c   conftest.c >&5
configure:3611: $? = 0
configure:3632: result: o
configure:3636: checking whether we are using the GNU C compiler
configure:3655: gcc -c   conftest.c >&5
configure:3655: $? = 0
configure:3664: result: yes
configure:3673: checking whether gcc accepts -g
configure:3693: gcc -c -g  conftest.c >&5
configure:3693: $? = 0
configure:3734: result: yes
configure:3751: checking for gcc option to accept ISO C89
configure:3814: gcc  -c -g -O2  conftest.c >&5
configure:3814: $? = 0
configure:3827: result: none needed
configure:3852: checking whether gcc understands -c and -o together
configure:3874: gcc -c conftest.c -o conftest2.o
configure:3877: $? = 0
configure:3874: gcc -c conftest.c -o conftest2.o
configure:3877: $? = 0
configure:3889: result: yes
configure:3908: checking dependency style of gcc
configure:4019: result: gcc3
configure:4034: checking for gcc option to accept ISO C99
configure:4183: gcc  -c -g -O2  conftest.c >&5
conftest.c:59:29: error: expected ';', ',' or ')' before 'text'
 test_restrict (ccp restrict text)
                             ^
conftest.c: In function 'main':
conftest.c:113:18: error: expected '=', ',', ';', 'asm' or '__attribute__' before 'newvar'
   char *restrict newvar = "Another string";
                  ^
conftest.c:113:18: error: 'newvar' undeclared (first use in this function)
conftest.c:113:18: note: each undeclared identifier is reported only once for each function it appears in
conftest.c:123:3: error: 'for' loop initial declarations are only allowed in C99 mode
   for (int i = 0; i < ia->datasize; ++i)
   ^
conftest.c:123:3: note: use option -std=c99 or -std=gnu99 to compile your code
configure:4183: $? = 1
configure: failed program was:
| /* confdefs.h */
| #define PACKAGE_NAME "lpel"
| #define PACKAGE_TARNAME "lpel"
| #define PACKAGE_VERSION "1.x"
| #define PACKAGE_STRING "lpel 1.x"
| #define PACKAGE_BUGREPORT "daniel.prokesch@gmail.com"
| #define PACKAGE_URL ""
| /* end confdefs.h.  */
| #include <stdarg.h>
| #include <stdbool.h>
| #include <stdlib.h>
| #include <wchar.h>
| #include <stdio.h>
| 
| // Check varargs macros.  These examples are taken from C99 6.10.3.5.
| #define debug(...) fprintf (stderr, __VA_ARGS__)
| #define showlist(...) puts (#__VA_ARGS__)
| #define report(test,...) ((test) ? puts (#test) : printf (__VA_ARGS__))
| static void
| test_varargs_macros (void)
| {
|   int x = 1234;
|   int y = 5678;
|   debug ("Flag");
|   debug ("X = %d\n", x);
|   showlist (The first, second, and third items.);
|   report (x>y, "x is %d but y is %d", x, y);
| }
| 
| // Check long long types.
| #define BIG64 18446744073709551615ull
| #define BIG32 4294967295ul
| #define BIG_OK (BIG64 / BIG32 == 4294967297ull && BIG64 % BIG32 == 0)
| #if !BIG_OK
|   your preprocessor is broken;
| #endif
| #if BIG_OK
| #else
|   your preprocessor is broken;
| #endif
| static long long int bignum = -9223372036854775807LL;
| static unsigned long long int ubignum = BIG64;
| 
| struct incomplete_array
| {
|   int datasize;
|   double data[];
| };
| 
| struct named_init {
|   int number;
|   const wchar_t *name;
|   double average;
| };
| 
| typedef const char *ccp;
| 
| static inline int
| test_restrict (ccp restrict text)
| {
|   // See if C++-style comments work.
|   // Iterate through items via the restricted pointer.
|   // Also check for declarations in for loops.
|   for (unsigned int i = 0; *(text+i) != '\0'; ++i)
|     continue;
|   return 0;
| }
| 
| // Check varargs and va_copy.
| static void
| test_varargs (const char *format, ...)
| {
|   va_list args;
|   va_start (args, format);
|   va_list args_copy;
|   va_copy (args_copy, args);
| 
|   const char *str;
|   int number;
|   float fnumber;
| 
|   while (*format)
|     {
|       switch (*format++)
| 	{
| 	case 's': // string
| 	  str = va_arg (args_copy, const char *);
| 	  break;
| 	case 'd': // int
| 	  number = va_arg (args_copy, int);
| 	  break;
| 	case 'f': // float
| 	  fnumber = va_arg (args_copy, double);
| 	  break;
| 	default:
| 	  break;
| 	}
|     }
|   va_end (args_copy);
|   va_end (args);
| }
| 
| int
| main ()
| {
| 
|   // Check bool.
|   _Bool success = false;
| 
|   // Check restrict.
|   if (test_restrict ("String literal") == 0)
|     success = true;
|   char *restrict newvar = "Another string";
| 
|   // Check varargs.
|   test_varargs ("s, d' f .", "string", 65, 34.234);
|   test_varargs_macros ();
| 
|   // Check flexible array members.
|   struct incomplete_array *ia =
|     malloc (sizeof (struct incomplete_array) + (sizeof (double) * 10));
|   ia->datasize = 10;
|   for (int i = 0; i < ia->datasize; ++i)
|     ia->data[i] = i * 1.234;
| 
|   // Check named initializers.
|   struct named_init ni = {
|     .number = 34,
|     .name = L"Test wide string",
|     .average = 543.34343,
|   };
| 
|   ni.number = 58;
| 
|   int dynamic_array[ni.number];
|   dynamic_array[ni.number - 1] = 543;
| 
|   // work around unused variable warnings
|   return (!success || bignum == 0LL || ubignum == 0uLL || newvar[0] == 'x'
| 	  || dynamic_array[ni.number - 1] != 543);
| 
|   ;
|   return 0;
| }
configure:4183: gcc -std=gnu99 -c -g -O2  conftest.c >&5
configure:4183: $? = 0
configure:4203: result: -std=gnu99
configure:4217: checking how to run the C preprocessor
configure:4248: gcc -std=gnu99 -E  conftest.c
configure:4248: $? = 0
configure:4262: gcc -std=gnu99 -E  conftest.c
conftest.c:9:28: fatal error: ac_nonexistent.h: No such file or directory
 #include <ac_nonexistent.h>
                            ^
compilation terminated.
configure:4262: $? = 1
configure: failed program was:
| /* confdefs.h */
| #define PACKAGE_NAME "lpel"
| #define PACKAGE_TARNAME "lpel"
| #define PACKAGE_VERSION "1.x"
| #define PACKAGE_STRING "lpel 1.x"
| #define PACKAGE_BUGREPORT "daniel.prokesch@gmail.com"
| #define PACKAGE_URL ""
| /* end confdefs.h.  */
| #include <ac_nonexistent.h>
configure:4287: result: gcc -std=gnu99 -E
configure:4307: gcc -std=gnu99 -E  conftest.c
configure:4307: $? = 0
configure:4321: gcc -std=gnu99 -E  conftest.c
conftest.c:9:28: fatal error: ac_nonexistent.h: No such file or directory
 #include <ac_nonexistent.h>
                            ^
compilation terminated.
configure:4321: $? = 1
configure: failed program was:
| /* confdefs.h */
| #define PACKAGE_NAME "lpel"
| #define PACKAGE_TARNAME "lpel"
| #define PACKAGE_VERSION "1.x"
| #define PACKAGE_STRING "lpel 1.x"
| #define PACKAGE_BUGREPORT "daniel.prokesch@gmail.com"
| #define PACKAGE_URL ""
| /* end confdefs.h.  */
| #include <ac_nonexistent.h>
configure:4350: checking for grep that handles long lines and -e
configure:4408: result: /bin/grep
configure:4413: checking for egrep
configure:4475: result: /bin/grep -E
configure:4480: checking for ANSI C header files
configure:4500: gcc -std=gnu99 -c -g -O2  conftest.c >&5
configure:4500: $? = 0
configure:4573: gcc -std=gnu99 -o conftest -g -O2   conftest.c  >&5
configure:4573: $? = 0
configure:4573: ./conftest
configure:4573: $? = 0
configure:4584: result: yes
configure:4597: checking for sys/types.h
configure:4597: gcc -std=gnu99 -c -g -O2  conftest.c >&5
configure:4597: $? = 0
configure:4597: result: yes
configure:4597: checking for sys/stat.h
configure:4597: gcc -std=gnu99 -c -g -O2  conftest.c >&5
configure:4597: $? = 0
configure:4597: result: yes
configure:4597: checking for stdlib.h
configure:4597: gcc -std=gnu99 -c -g -O2  conftest.c >&5
configure:4597: $? = 0
configure:4597: result: yes
configure:4597: checking for string.h
configure:4597: gcc -std=gnu99 -c -g -O2  conftest.c >&5
configure:4597: $? = 0
configure:4597: result: yes
configure:4597: checking for memory.h
configure:4597: gcc -std=gnu99 -c -g -O2  conftest.c >&5
configure:4597: $? = 0
configure:4597: result: yes
configure:4597: checking for strings.h
configure:4597: gcc -std=gnu99 -c -g -O2  conftest.c >&5
configure:4597: $? = 0
configure:4597: result: yes
configure:4597: checking for inttypes.h
configure:4597: gcc -std=gnu99 -c -g -O2  conftest.c >&5
configure:4597: $? = 0
configure:4597: result: yes
configure:4597: checking for stdint.h
configure:4597: gcc -std=gnu99 -c -g -O2  conftest.c >&5
configure:4597: $? = 0
configure:4597: result: yes
configure:4597: checking for unistd.h
configure:4597: gcc -std=gnu99 -c -g -O2  conftest.c >&5
configure:4597: $? = 0
configure:4597: result: yes
configure:4610: checking minix/config.h usability
configure:4610: gcc -std=gnu99 -c -g -O2  conftest.c >&5
conftest.c:52:26: fatal error: minix/config.h: No such file or directory
 #include <minix/config.h>
                          ^
compilation terminated.
configure:4610: $? = 1
configure: failed program was:
| /* confdefs.h */
| #define PACKAGE_NAME "lpel"
| #define PACKAGE_TARNAME "lpel"
| #define PACKAGE_VERSION "1.x"
| #define PACKAGE_STRING "lpel 1.x"
| #define PACKAGE_BUGREPORT "daniel.prokesch@gmail.com"
| #define PACKAGE_URL ""
| #define STDC_HEADERS 1
| #define HAVE_SYS_TYPES_H 1
| #define HAVE_SYS_STAT_H 1
| #define HAVE_STDLIB_H 1
| #define HAVE_STRING_H 1
| #define HAVE_MEMORY_H 1
| #define HAVE_STRINGS_H 1
| #define HAVE_INTTYPES_H 1
| #define HAVE_STDINT_H 1
| #define HAVE_UNISTD_H 1
| /* end confdefs.h.  */
| #include <stdio.h>
| #ifdef HAVE_SYS_TYPES_H
| # include <sys/types.h>
| #endif
| #ifdef HAVE_SYS_STAT_H
| # include <sys/stat.h>
| #endif
| #ifdef STDC_HEADERS
| # include <stdlib.h>
| # include <stddef.h>
| #else
| # ifdef HAVE_STDLIB_H
| #  include <stdlib.h>
| # endif
| #endif
| #ifdef HAVE_STRING_H
| # if !defined STDC_HEADERS && defined HAVE_MEMORY_H
| #  include <memory.h>
| # endif
| # include <string.h>
| #endif
| #ifdef HAVE_STRINGS_H
| # include <strings.h>
| #endif
| #ifdef HAVE_INTTYPES_H
| # include <inttypes.h>
| #endif
| #ifdef HAVE_STDINT_H
| # include <stdint.h>
| #endif
| #ifdef HAVE_UNISTD_H
| # include <unistd.h>
| #endif
| #include <minix/config.h>
configure:4610: result: no
configure:4610: checking minix/config.h presence
configure:4610: gcc -std=gnu99 -E  conftest.c
conftest.c:19:26: fatal error: minix/config.h: No such file or directory
 #include <minix/config.h>
                          ^
compilation terminated.
configure:4610: $? = 1
configure: failed program was:
| /* confdefs.h */
| #define PACKAGE_NAME "lpel"
| #define PACKAGE_TARNAME "lpel"
| #define PACKAGE_VERSION "1.x"
| #define PACKAGE_STRING "lpel 1.x"
| #define PACKAGE_BUGREPORT "daniel.prokesch@gmail.com"
| #define PACKAGE_URL ""
| #define STDC_HEADERS 1
| #define HAVE_SYS_TYPES_H 1
| #define HAVE_SYS_STAT_H 1
| #define HAVE_STDLIB_H 1
| #define HAVE_STRING_H 1
| #define HAVE_MEMORY_H 1
| #define HAVE_STRINGS_H 1
| #define HAVE_INTTYPES_H 1
| #define HAVE_STDINT_H 1
| #define HAVE_UNISTD_H 1
| /* end confdefs.h.  */
| #include <minix/config.h>
configure:4610: result: no
configure:4610: checking for minix/config.h
configure:4610: result: no
configure:4631: checking whether it is safe to define __EXTENSIONS__
configure:4649: gcc -std=gnu99 -c -g -O2  conftest.c >&5
configure:4649: $? = 0
configure:4656: result: yes
configure:4679: checking dependency style of gcc -std=gnu99
configure:4788: result: gcc3
configure:4834: checking build system type
configure:4848: result: i686-pc-linux-gnu
configure:4868: checking host system type
configure:4881: result: i686-pc-linux-gnu
configure:4922: checking how to print strings
configure:4949: result: printf
configure:4970: checking for a sed that does not truncate output
configure:5034: result: /bin/sed
configure:5052: checking for fgrep
configure:5114: result: /bin/grep -F
configure:5149: checking for ld used by gcc -std=gnu99
configure:5216: result: /usr/bin/ld
configure:5223: checking if the linker (/usr/bin/ld) is GNU ld
configure:5238: result: yes
configure:5250: checking for BSD- or MS-compatible name lister (nm)
configure:5299: result: /usr/bin/nm -B
configure:5429: checking the name lister (/usr/bin/nm -B) interface
configure:5436: gcc -std=gnu99 -c -g -O2  conftest.c >&5
configure:5439: /usr/bin/nm -B "conftest.o"
configure:5442: output
00000000 B some_variable
configure:5449: result: BSD nm
configure:5452: checking whether ln -s works
configure:5459: result: no, using cp -pR
configure:5464: checking the maximum length of command line arguments
configure:5595: result: 1572864
configure:5612: checking whether the shell understands some XSI constructs
configure:5622: result: yes
configure:5626: checking whether the shell understands "+="
configure:5632: result: yes
configure:5667: checking how to convert i686-pc-linux-gnu file names to i686-pc-linux-gnu format
configure:5707: result: func_convert_file_noop
configure:5714: checking how to convert i686-pc-linux-gnu file names to toolchain format
configure:5734: result: func_convert_file_noop
configure:5741: checking for /usr/bin/ld option to reload object files
configure:5748: result: -r
configure:5822: checking for objdump
configure:5838: found /usr/bin/objdump
configure:5849: result: objdump
configure:5881: checking how to recognize dependent libraries
configure:6079: result: pass_all
configure:6164: checking for dlltool
configure:6194: result: no
configure:6224: checking how to associate runtime and link libraries
configure:6251: result: printf %s\n
configure:6311: checking for ar
configure:6327: found /usr/bin/ar
configure:6338: result: ar
configure:6375: checking for archiver @FILE support
configure:6392: gcc -std=gnu99 -c -g -O2  conftest.c >&5
configure:6392: $? = 0
configure:6395: ar cru libconftest.a @conftest.lst >&5
configure:6398: $? = 0
configure:6403: ar cru libconftest.a @conftest.lst >&5
ar: conftest.o: No such file or directory
configure:6406: $? = 1
configure:6418: result: @
configure:6476: checking for strip
configure:6492: found /usr/bin/strip
configure:6503: result: strip
configure:6575: checking for ranlib
configure:6591: found /usr/bin/ranlib
configure:6602: result: ranlib
configure:6704: checking command to parse /usr/bin/nm -B output from gcc -std=gnu99 object
configure:6824: gcc -std=gnu99 -c -g -O2  conftest.c >&5
configure:6827: $? = 0
configure:6831: /usr/bin/nm -B conftest.o \| sed -n -e 's/^.*[ ]\([ABCDGIRSTW][ABCDGIRSTW]*\)[ ][ ]*\([_A-Za-z][_A-Za-z0-9]*\)$/\1 \2 \2/p' | sed '/ __gnu_lto/d' \> conftest.nm
configure:6834: $? = 0
configure:6900: gcc -std=gnu99 -o conftest -g -O2   conftest.c conftstm.o >&5
configure:6903: $? = 0
configure:6941: result: ok
configure:6978: checking for sysroot
configure:7008: result: no
configure:7277: checking for mt
configure:7293: found /bin/mt
configure:7304: result: mt
configure:7327: checking if mt is a manifest tool
configure:7333: mt '-?'
configure:7341: result: no
configure:7980: checking for dlfcn.h
configure:7980: gcc -std=gnu99 -c -g -O2  conftest.c >&5
configure:7980: $? = 0
configure:7980: result: yes
configure:8186: checking for objdir
configure:8201: result: .libs
configure:8472: checking if gcc -std=gnu99 supports -fno-rtti -fno-exceptions
configure:8490: gcc -std=gnu99 -c -g -O2  -fno-rtti -fno-exceptions conftest.c >&5
cc1: warning: command line option '-fno-rtti' is valid for C++/ObjC++ but not for C [enabled by default]
configure:8494: $? = 0
configure:8507: result: no
configure:8834: checking for gcc -std=gnu99 option to produce PIC
configure:8841: result: -fPIC -DPIC
configure:8849: checking if gcc -std=gnu99 PIC flag -fPIC -DPIC works
configure:8867: gcc -std=gnu99 -c -g -O2  -fPIC -DPIC -DPIC conftest.c >&5
configure:8871: $? = 0
configure:8884: result: yes
configure:8913: checking if gcc -std=gnu99 static flag -static works
configure:8941: result: yes
configure:8956: checking if gcc -std=gnu99 supports -c -o file.o
configure:8977: gcc -std=gnu99 -c -g -O2  -o out/conftest2.o conftest.c >&5
configure:8981: $? = 0
configure:9003: result: yes
configure:9011: checking if gcc -std=gnu99 supports -c -o file.o
configure:9058: result: yes
configure:9091: checking whether the gcc -std=gnu99 linker (/usr/bin/ld) supports shared libraries
configure:10248: result: yes
configure:10285: checking whether -lc should be explicitly linked in
configure:10293: gcc -std=gnu99 -c -g -O2  conftest.c >&5
configure:10296: $? = 0
configure:10311: gcc -std=gnu99 -shared  -fPIC -DPIC conftest.o  -v -Wl,-soname -Wl,conftest -o conftest 2\>\&1 \| /bin/grep  -lc  \>/dev/null 2\>\&1
configure:10314: $? = 0
configure:10328: result: no
configure:10488: checking dynamic linker characteristics
configure:10988: gcc -std=gnu99 -o conftest -g -O2   -Wl,-rpath -Wl,/foo conftest.c  >&5
configure:10988: $? = 0
configure:11222: result: GNU/Linux ld.so
configure:11329: checking how to hardcode library paths into programs
configure:11354: result: immediate
configure:11894: checking whether stripping libraries is possible
configure:11899: result: yes
configure:11934: checking if libtool supports shared libraries
configure:11936: result: yes
configure:11939: checking whether to build shared libraries
configure:11960: result: yes
configure:11963: checking whether to build static libraries
configure:11967: result: yes
configure:12018: checking for pcl in /mnt/snet/pcl-1.12
configure:12035: result: yes
configure:12375: checking for the pthreads library -lpthreads
configure:12413: gcc -std=gnu99 -o conftest -g -O2   -I/mnt/snet/pcl-1.12/include  conftest.c -lpthreads  >&5
/usr/bin/ld: cannot find -lpthreads
collect2: error: ld returned 1 exit status
configure:12413: $? = 1
configure: failed program was:
| /* confdefs.h */
| #define PACKAGE_NAME "lpel"
| #define PACKAGE_TARNAME "lpel"
| #define PACKAGE_VERSION "1.x"
| #define PACKAGE_STRING "lpel 1.x"
| #define PACKAGE_BUGREPORT "daniel.prokesch@gmail.com"
| #define PACKAGE_URL ""
| #define STDC_HEADERS 1
| #define HAVE_SYS_TYPES_H 1
| #define HAVE_SYS_STAT_H 1
| #define HAVE_STDLIB_H 1
| #define HAVE_STRING_H 1
| #define HAVE_MEMORY_H 1
| #define HAVE_STRINGS_H 1
| #define HAVE_INTTYPES_H 1
| #define HAVE_STDINT_H 1
| #define HAVE_UNISTD_H 1
| #define __EXTENSIONS__ 1
| #define _ALL_SOURCE 1
| #define _GNU_SOURCE 1
| #define _POSIX_PTHREAD_SEMANTICS 1
| #define _TANDEM_SOURCE 1
| #define HAVE_DLFCN_H 1
| #define LT_OBJDIR ".libs/"
| #define HAVE_PCL 1
| #define USE_MCTX_PCL 1
| /* end confdefs.h.  */
| #include <pthread.h>
|                         static void routine(void *a) { a = 0; }
|                         static void *start_routine(void *a) { return a; }
| int
| main ()
| {
| pthread_t th; pthread_attr_t attr;
|                         pthread_create(&th, 0, start_routine, 0);
|                         pthread_join(th, 0);
|                         pthread_attr_init(&attr);
|                         pthread_cleanup_push(routine, 0);
|                         pthread_cleanup_pop(0) /* ; */
|   ;
|   return 0;
| }
configure:12422: result: no
configure:12320: checking whether pthreads work without any flags
configure:12413: gcc -std=gnu99 -o conftest -g -O2   -I/mnt/snet/pcl-1.12/include  conftest.c   >&5
/tmp/cclHpNJa.o: In function `main':
/mnt/snet/lpel-master/conftest.c:35: undefined reference to `pthread_create'
/mnt/snet/lpel-master/conftest.c:36: undefined reference to `pthread_join'
/mnt/snet/lpel-master/conftest.c:38: undefined reference to `__pthread_register_cancel'
/mnt/snet/lpel-master/conftest.c:39: undefined reference to `__pthread_unregister_cancel'
collect2: error: ld returned 1 exit status
configure:12413: $? = 1
configure: failed program was:
| /* confdefs.h */
| #define PACKAGE_NAME "lpel"
| #define PACKAGE_TARNAME "lpel"
| #define PACKAGE_VERSION "1.x"
| #define PACKAGE_STRING "lpel 1.x"
| #define PACKAGE_BUGREPORT "daniel.prokesch@gmail.com"
| #define PACKAGE_URL ""
| #define STDC_HEADERS 1
| #define HAVE_SYS_TYPES_H 1
| #define HAVE_SYS_STAT_H 1
| #define HAVE_STDLIB_H 1
| #define HAVE_STRING_H 1
| #define HAVE_MEMORY_H 1
| #define HAVE_STRINGS_H 1
| #define HAVE_INTTYPES_H 1
| #define HAVE_STDINT_H 1
| #define HAVE_UNISTD_H 1
| #define __EXTENSIONS__ 1
| #define _ALL_SOURCE 1
| #define _GNU_SOURCE 1
| #define _POSIX_PTHREAD_SEMANTICS 1
| #define _TANDEM_SOURCE 1
| #define HAVE_DLFCN_H 1
| #define LT_OBJDIR ".libs/"
| #define HAVE_PCL 1
| #define USE_MCTX_PCL 1
| /* end confdefs.h.  */
| #include <pthread.h>
|                         static void routine(void *a) { a = 0; }
|                         static void *start_routine(void *a) { return a; }
| int
| main ()
| {
| pthread_t th; pthread_attr_t attr;
|                         pthread_create(&th, 0, start_routine, 0);
|                         pthread_join(th, 0);
|                         pthread_attr_init(&attr);
|                         pthread_cleanup_push(routine, 0);
|                         pthread_cleanup_pop(0) /* ; */
|   ;
|   return 0;
| }
configure:12422: result: no
configure:12325: checking whether pthreads work with -Kthread
configure:12413: gcc -std=gnu99 -o conftest -g -O2 -Kthread  -I/mnt/snet/pcl-1.12/include  conftest.c   >&5
gcc: error: unrecognized command line option '-Kthread'
configure:12413: $? = 1
configure: failed program was:
| /* confdefs.h */
| #define PACKAGE_NAME "lpel"
| #define PACKAGE_TARNAME "lpel"
| #define PACKAGE_VERSION "1.x"
| #define PACKAGE_STRING "lpel 1.x"
| #define PACKAGE_BUGREPORT "daniel.prokesch@gmail.com"
| #define PACKAGE_URL ""
| #define STDC_HEADERS 1
| #define HAVE_SYS_TYPES_H 1
| #define HAVE_SYS_STAT_H 1
| #define HAVE_STDLIB_H 1
| #define HAVE_STRING_H 1
| #define HAVE_MEMORY_H 1
| #define HAVE_STRINGS_H 1
| #define HAVE_INTTYPES_H 1
| #define HAVE_STDINT_H 1
| #define HAVE_UNISTD_H 1
| #define __EXTENSIONS__ 1
| #define _ALL_SOURCE 1
| #define _GNU_SOURCE 1
| #define _POSIX_PTHREAD_SEMANTICS 1
| #define _TANDEM_SOURCE 1
| #define HAVE_DLFCN_H 1
| #define LT_OBJDIR ".libs/"
| #define HAVE_PCL 1
| #define USE_MCTX_PCL 1
| /* end confdefs.h.  */
| #include <pthread.h>
|                         static void routine(void *a) { a = 0; }
|                         static void *start_routine(void *a) { return a; }
| int
| main ()
| {
| pthread_t th; pthread_attr_t attr;
|                         pthread_create(&th, 0, start_routine, 0);
|                         pthread_join(th, 0);
|                         pthread_attr_init(&attr);
|                         pthread_cleanup_push(routine, 0);
|                         pthread_cleanup_pop(0) /* ; */
|   ;
|   return 0;
| }
configure:12422: result: no
configure:12325: checking whether pthreads work with -kthread
configure:12413: gcc -std=gnu99 -o conftest -g -O2 -kthread  -I/mnt/snet/pcl-1.12/include  conftest.c   >&5
gcc: error: unrecognized command line option '-kthread'
configure:12413: $? = 1
configure: failed program was:
| /* confdefs.h */
| #define PACKAGE_NAME "lpel"
| #define PACKAGE_TARNAME "lpel"
| #define PACKAGE_VERSION "1.x"
| #define PACKAGE_STRING "lpel 1.x"
| #define PACKAGE_BUGREPORT "daniel.prokesch@gmail.com"
| #define PACKAGE_URL ""
| #define STDC_HEADERS 1
| #define HAVE_SYS_TYPES_H 1
| #define HAVE_SYS_STAT_H 1
| #define HAVE_STDLIB_H 1
| #define HAVE_STRING_H 1
| #define HAVE_MEMORY_H 1
| #define HAVE_STRINGS_H 1
| #define HAVE_INTTYPES_H 1
| #define HAVE_STDINT_H 1
| #define HAVE_UNISTD_H 1
| #define __EXTENSIONS__ 1
| #define _ALL_SOURCE 1
| #define _GNU_SOURCE 1
| #define _POSIX_PTHREAD_SEMANTICS 1
| #define _TANDEM_SOURCE 1
| #define HAVE_DLFCN_H 1
| #define LT_OBJDIR ".libs/"
| #define HAVE_PCL 1
| #define USE_MCTX_PCL 1
| /* end confdefs.h.  */
| #include <pthread.h>
|                         static void routine(void *a) { a = 0; }
|                         static void *start_routine(void *a) { return a; }
| int
| main ()
| {
| pthread_t th; pthread_attr_t attr;
|                         pthread_create(&th, 0, start_routine, 0);
|                         pthread_join(th, 0);
|                         pthread_attr_init(&attr);
|                         pthread_cleanup_push(routine, 0);
|                         pthread_cleanup_pop(0) /* ; */
|   ;
|   return 0;
| }
configure:12422: result: no
configure:12375: checking for the pthreads library -llthread
configure:12413: gcc -std=gnu99 -o conftest -g -O2   -I/mnt/snet/pcl-1.12/include  conftest.c -llthread  >&5
/usr/bin/ld: cannot find -llthread
collect2: error: ld returned 1 exit status
configure:12413: $? = 1
configure: failed program was:
| /* confdefs.h */
| #define PACKAGE_NAME "lpel"
| #define PACKAGE_TARNAME "lpel"
| #define PACKAGE_VERSION "1.x"
| #define PACKAGE_STRING "lpel 1.x"
| #define PACKAGE_BUGREPORT "daniel.prokesch@gmail.com"
| #define PACKAGE_URL ""
| #define STDC_HEADERS 1
| #define HAVE_SYS_TYPES_H 1
| #define HAVE_SYS_STAT_H 1
| #define HAVE_STDLIB_H 1
| #define HAVE_STRING_H 1
| #define HAVE_MEMORY_H 1
| #define HAVE_STRINGS_H 1
| #define HAVE_INTTYPES_H 1
| #define HAVE_STDINT_H 1
| #define HAVE_UNISTD_H 1
| #define __EXTENSIONS__ 1
| #define _ALL_SOURCE 1
| #define _GNU_SOURCE 1
| #define _POSIX_PTHREAD_SEMANTICS 1
| #define _TANDEM_SOURCE 1
| #define HAVE_DLFCN_H 1
| #define LT_OBJDIR ".libs/"
| #define HAVE_PCL 1
| #define USE_MCTX_PCL 1
| /* end confdefs.h.  */
| #include <pthread.h>
|                         static void routine(void *a) { a = 0; }
|                         static void *start_routine(void *a) { return a; }
| int
| main ()
| {
| pthread_t th; pthread_attr_t attr;
|                         pthread_create(&th, 0, start_routine, 0);
|                         pthread_join(th, 0);
|                         pthread_attr_init(&attr);
|                         pthread_cleanup_push(routine, 0);
|                         pthread_cleanup_pop(0) /* ; */
|   ;
|   return 0;
| }
configure:12422: result: no
configure:12325: checking whether pthreads work with -pthread
configure:12413: gcc -std=gnu99 -o conftest -g -O2 -pthread  -I/mnt/snet/pcl-1.12/include  conftest.c   >&5
configure:12413: $? = 0
configure:12422: result: yes
configure:12441: checking for joinable pthread attribute
configure:12456: gcc -std=gnu99 -o conftest -g -O2 -pthread  -I/mnt/snet/pcl-1.12/include  conftest.c   >&5
configure:12456: $? = 0
configure:12462: result: PTHREAD_CREATE_JOINABLE
configure:12472: checking if more special flags are required for pthreads
configure:12479: result: no
configure:12569: checking for sysconf
configure:12569: gcc -std=gnu99 -o conftest -g -O2 -pthread  -I/mnt/snet/pcl-1.12/include  conftest.c   >&5
configure:12569: $? = 0
configure:12569: result: yes
configure:12580: checking for pthread_spin_init
configure:12580: gcc -std=gnu99 -o conftest -g -O2 -pthread  -I/mnt/snet/pcl-1.12/include  conftest.c   >&5
configure:12580: $? = 0
configure:12580: result: yes
configure:12591: checking for pthread_setaffinity_np
configure:12591: gcc -std=gnu99 -o conftest -g -O2 -pthread  -I/mnt/snet/pcl-1.12/include  conftest.c   >&5
configure:12591: $? = 0
configure:12591: result: yes
configure:12601: checking for library containing sem_init
configure:12632: gcc -std=gnu99 -o conftest -g -O2 -pthread  -I/mnt/snet/pcl-1.12/include  conftest.c   >&5
configure:12632: $? = 0
configure:12649: result: none required
configure:12659: checking for library containing cap_get_proc
configure:12690: gcc -std=gnu99 -o conftest -g -O2 -pthread  -I/mnt/snet/pcl-1.12/include  conftest.c   >&5
/tmp/ccvR5XoA.o: In function `main':
/mnt/snet/lpel-master/conftest.c:44: undefined reference to `cap_get_proc'
collect2: error: ld returned 1 exit status
configure:12690: $? = 1
configure: failed program was:
| /* confdefs.h */
| #define PACKAGE_NAME "lpel"
| #define PACKAGE_TARNAME "lpel"
| #define PACKAGE_VERSION "1.x"
| #define PACKAGE_STRING "lpel 1.x"
| #define PACKAGE_BUGREPORT "daniel.prokesch@gmail.com"
| #define PACKAGE_URL ""
| #define STDC_HEADERS 1
| #define HAVE_SYS_TYPES_H 1
| #define HAVE_SYS_STAT_H 1
| #define HAVE_STDLIB_H 1
| #define HAVE_STRING_H 1
| #define HAVE_MEMORY_H 1
| #define HAVE_STRINGS_H 1
| #define HAVE_INTTYPES_H 1
| #define HAVE_STDINT_H 1
| #define HAVE_UNISTD_H 1
| #define __EXTENSIONS__ 1
| #define _ALL_SOURCE 1
| #define _GNU_SOURCE 1
| #define _POSIX_PTHREAD_SEMANTICS 1
| #define _TANDEM_SOURCE 1
| #define HAVE_DLFCN_H 1
| #define LT_OBJDIR ".libs/"
| #define HAVE_PCL 1
| #define USE_MCTX_PCL 1
| #define HAVE_PTHREAD 1
| #define HAVE_SYSCONF 1
| #define HAVE_PTHREAD_SPIN_INIT 1
| #define HAVE_PTHREAD_SETAFFINITY_NP 1
| #define HAVE_POSIX_SEMAPHORES 1
| /* end confdefs.h.  */
| 
| /* Override any GCC internal prototype to avoid an error.
|    Use char because int might match the return type of a GCC
|    builtin and then its argument prototype would still apply.  */
| #ifdef __cplusplus
| extern "C"
| #endif
| char cap_get_proc ();
| int
| main ()
| {
| return cap_get_proc ();
|   ;
|   return 0;
| }
configure:12690: gcc -std=gnu99 -o conftest -g -O2 -pthread  -I/mnt/snet/pcl-1.12/include  conftest.c -lcap    >&5
/usr/bin/ld: cannot find -lcap
collect2: error: ld returned 1 exit status
configure:12690: $? = 1
configure: failed program was:
| /* confdefs.h */
| #define PACKAGE_NAME "lpel"
| #define PACKAGE_TARNAME "lpel"
| #define PACKAGE_VERSION "1.x"
| #define PACKAGE_STRING "lpel 1.x"
| #define PACKAGE_BUGREPORT "daniel.prokesch@gmail.com"
| #define PACKAGE_URL ""
| #define STDC_HEADERS 1
| #define HAVE_SYS_TYPES_H 1
| #define HAVE_SYS_STAT_H 1
| #define HAVE_STDLIB_H 1
| #define HAVE_STRING_H 1
| #define HAVE_MEMORY_H 1
| #define HAVE_STRINGS_H 1
| #define HAVE_INTTYPES_H 1
| #define HAVE_STDINT_H 1
| #define HAVE_UNISTD_H 1
| #define __EXTENSIONS__ 1
| #define _ALL_SOURCE 1
| #define _GNU_SOURCE 1
| #define _POSIX_PTHREAD_SEMANTICS 1
| #define _TANDEM_SOURCE 1
| #define HAVE_DLFCN_H 1
| #define LT_OBJDIR ".libs/"
| #define HAVE_PCL 1
| #define USE_MCTX_PCL 1
| #define HAVE_PTHREAD 1
| #define HAVE_SYSCONF 1
| #define HAVE_PTHREAD_SPIN_INIT 1
| #define HAVE_PTHREAD_SETAFFINITY_NP 1
| #define HAVE_POSIX_SEMAPHORES 1
| /* end confdefs.h.  */
| 
| /* Override any GCC internal prototype to avoid an error.
|    Use char because int might match the return type of a GCC
|    builtin and then its argument prototype would still apply.  */
| #ifdef __cplusplus
| extern "C"
| #endif
| char cap_get_proc ();
| int
| main ()
| {
| return cap_get_proc ();
|   ;
|   return 0;
| }
configure:12707: result: no
configure:12718: checking for library containing clock_gettime
configure:12749: gcc -std=gnu99 -o conftest -g -O2 -pthread  -I/mnt/snet/pcl-1.12/include  conftest.c   >&5
configure:12749: $? = 0
configure:12766: result: none required
configure:12778: checking availability of compiler builtins for atomic memory access
configure:12797: gcc -std=gnu99 -o conftest -g -O2 -pthread  -I/mnt/snet/pcl-1.12/include  conftest.c   >&5
configure:12797: $? = 0
configure:12802: result: yes
configure:12813: checking for thread local storage (TLS) class
configure:12841: gcc -std=gnu99 -c -g -O2 -pthread  -I/mnt/snet/pcl-1.12/include conftest.c >&5
configure:12841: $? = 0
configure:12853: result: __thread
configure:12879: checking for hwloc_set_cpubind in -lhwloc
configure:12904: gcc -std=gnu99 -o conftest -g -O2 -pthread  -I/mnt/snet/pcl-1.12/include  conftest.c -lhwloc    >&5
/usr/bin/ld: cannot find -lhwloc
collect2: error: ld returned 1 exit status
configure:12904: $? = 1
configure: failed program was:
| /* confdefs.h */
| #define PACKAGE_NAME "lpel"
| #define PACKAGE_TARNAME "lpel"
| #define PACKAGE_VERSION "1.x"
| #define PACKAGE_STRING "lpel 1.x"
| #define PACKAGE_BUGREPORT "daniel.prokesch@gmail.com"
| #define PACKAGE_URL ""
| #define STDC_HEADERS 1
| #define HAVE_SYS_TYPES_H 1
| #define HAVE_SYS_STAT_H 1
| #define HAVE_STDLIB_H 1
| #define HAVE_STRING_H 1
| #define HAVE_MEMORY_H 1
| #define HAVE_STRINGS_H 1
| #define HAVE_INTTYPES_H 1
| #define HAVE_STDINT_H 1
| #define HAVE_UNISTD_H 1
| #define __EXTENSIONS__ 1
| #define _ALL_SOURCE 1
| #define _GNU_SOURCE 1
| #define _POSIX_PTHREAD_SEMANTICS 1
| #define _TANDEM_SOURCE 1
| #define HAVE_DLFCN_H 1
| #define LT_OBJDIR ".libs/"
| #define HAVE_PCL 1
| #define USE_MCTX_PCL 1
| #define HAVE_PTHREAD 1
| #define HAVE_SYSCONF 1
| #define HAVE_PTHREAD_SPIN_INIT 1
| #define HAVE_PTHREAD_SETAFFINITY_NP 1
| #define HAVE_POSIX_SEMAPHORES 1
| #define HAVE_POSIX_TIMERS 1
| #define HAVE_SYNC_ATOMIC_BUILTINS 1
| #define TLSSPEC __thread
| #define HAVE___THREAD 1
| /* end confdefs.h.  */
| 
| /* Override any GCC internal prototype to avoid an error.
|    Use char because int might match the return type of a GCC
|    builtin and then its argument prototype would still apply.  */
| #ifdef __cplusplus
| extern "C"
| #endif
| char hwloc_set_cpubind ();
| int
| main ()
| {
| return hwloc_set_cpubind ();
|   ;
|   return 0;
| }
configure:12913: result: no
configure:12926: checking hwloc.h usability
configure:12926: gcc -std=gnu99 -c -g -O2 -pthread  -I/mnt/snet/pcl-1.12/include conftest.c >&5
conftest.c:70:19: fatal error: hwloc.h: No such file or directory
 #include <hwloc.h>
                   ^
compilation terminated.
configure:12926: $? = 1
configure: failed program was:
| /* confdefs.h */
| #define PACKAGE_NAME "lpel"
| #define PACKAGE_TARNAME "lpel"
| #define PACKAGE_VERSION "1.x"
| #define PACKAGE_STRING "lpel 1.x"
| #define PACKAGE_BUGREPORT "daniel.prokesch@gmail.com"
| #define PACKAGE_URL ""
| #define STDC_HEADERS 1
| #define HAVE_SYS_TYPES_H 1
| #define HAVE_SYS_STAT_H 1
| #define HAVE_STDLIB_H 1
| #define HAVE_STRING_H 1
| #define HAVE_MEMORY_H 1
| #define HAVE_STRINGS_H 1
| #define HAVE_INTTYPES_H 1
| #define HAVE_STDINT_H 1
| #define HAVE_UNISTD_H 1
| #define __EXTENSIONS__ 1
| #define _ALL_SOURCE 1
| #define _GNU_SOURCE 1
| #define _POSIX_PTHREAD_SEMANTICS 1
| #define _TANDEM_SOURCE 1
| #define HAVE_DLFCN_H 1
| #define LT_OBJDIR ".libs/"
| #define HAVE_PCL 1
| #define USE_MCTX_PCL 1
| #define HAVE_PTHREAD 1
| #define HAVE_SYSCONF 1
| #define HAVE_PTHREAD_SPIN_INIT 1
| #define HAVE_PTHREAD_SETAFFINITY_NP 1
| #define HAVE_POSIX_SEMAPHORES 1
| #define HAVE_POSIX_TIMERS 1
| #define HAVE_SYNC_ATOMIC_BUILTINS 1
| #define TLSSPEC __thread
| #define HAVE___THREAD 1
| /* end confdefs.h.  */
| #include <stdio.h>
| #ifdef HAVE_SYS_TYPES_H
| # include <sys/types.h>
| #endif
| #ifdef HAVE_SYS_STAT_H
| # include <sys/stat.h>
| #endif
| #ifdef STDC_HEADERS
| # include <stdlib.h>
| # include <stddef.h>
| #else
| # ifdef HAVE_STDLIB_H
| #  include <stdlib.h>
| # endif
| #endif
| #ifdef HAVE_STRING_H
| # if !defined STDC_HEADERS && defined HAVE_MEMORY_H
| #  include <memory.h>
| # endif
| # include <string.h>
| #endif
| #ifdef HAVE_STRINGS_H
| # include <strings.h>
| #endif
| #ifdef HAVE_INTTYPES_H
| # include <inttypes.h>
| #endif
| #ifdef HAVE_STDINT_H
| # include <stdint.h>
| #endif
| #ifdef HAVE_UNISTD_H
| # include <unistd.h>
| #endif
| #include <hwloc.h>
configure:12926: result: no
configure:12926: checking hwloc.h presence
configure:12926: gcc -std=gnu99 -E  -I/mnt/snet/pcl-1.12/include conftest.c
conftest.c:37:19: fatal error: hwloc.h: No such file or directory
 #include <hwloc.h>
                   ^
compilation terminated.
configure:12926: $? = 1
configure: failed program was:
| /* confdefs.h */
| #define PACKAGE_NAME "lpel"
| #define PACKAGE_TARNAME "lpel"
| #define PACKAGE_VERSION "1.x"
| #define PACKAGE_STRING "lpel 1.x"
| #define PACKAGE_BUGREPORT "daniel.prokesch@gmail.com"
| #define PACKAGE_URL ""
| #define STDC_HEADERS 1
| #define HAVE_SYS_TYPES_H 1
| #define HAVE_SYS_STAT_H 1
| #define HAVE_STDLIB_H 1
| #define HAVE_STRING_H 1
| #define HAVE_MEMORY_H 1
| #define HAVE_STRINGS_H 1
| #define HAVE_INTTYPES_H 1
| #define HAVE_STDINT_H 1
| #define HAVE_UNISTD_H 1
| #define __EXTENSIONS__ 1
| #define _ALL_SOURCE 1
| #define _GNU_SOURCE 1
| #define _POSIX_PTHREAD_SEMANTICS 1
| #define _TANDEM_SOURCE 1
| #define HAVE_DLFCN_H 1
| #define LT_OBJDIR ".libs/"
| #define HAVE_PCL 1
| #define USE_MCTX_PCL 1
| #define HAVE_PTHREAD 1
| #define HAVE_SYSCONF 1
| #define HAVE_PTHREAD_SPIN_INIT 1
| #define HAVE_PTHREAD_SETAFFINITY_NP 1
| #define HAVE_POSIX_SEMAPHORES 1
| #define HAVE_POSIX_TIMERS 1
| #define HAVE_SYNC_ATOMIC_BUILTINS 1
| #define TLSSPEC __thread
| #define HAVE___THREAD 1
| /* end confdefs.h.  */
| #include <hwloc.h>
configure:12926: result: no
configure:12926: checking for hwloc.h
configure:12926: result: no
configure:13099: checking that generated files are newer than configure
configure:13105: result: done
configure:13152: creating ./config.status

## ---------------------- ##
## Running config.status. ##
## ---------------------- ##

This file was extended by lpel config.status 1.x, which was
generated by GNU Autoconf 2.69.  Invocation command line was

  CONFIG_FILES    = 
  CONFIG_HEADERS  = 
  CONFIG_LINKS    = 
  CONFIG_COMMANDS = 
  $ ./config.status 

on vicent-VirtualBox

config.status:1025: creating Makefile
config.status:1025: creating include/Makefile
config.status:1197: executing depfiles commands
config.status:1197: executing libtool commands

## ---------------- ##
## Cache variables. ##
## ---------------- ##

ac_cv_build=i686-pc-linux-gnu
ac_cv_c_compiler_gnu=yes
ac_cv_env_CCASFLAGS_set=
ac_cv_env_CCASFLAGS_value=
ac_cv_env_CCAS_set=
ac_cv_env_CCAS_value=
ac_cv_env_CC_set=
ac_cv_env_CC_value=
ac_cv_env_CFLAGS_set=
ac_cv_env_CFLAGS_value=
ac_cv_env_CPPFLAGS_set=
ac_cv_env_CPPFLAGS_value=
ac_cv_env_CPP_set=
ac_cv_env_CPP_value=
ac_cv_env_LDFLAGS_set=
ac_cv_env_LDFLAGS_value=
ac_cv_env_LIBS_set=
ac_cv_env_LIBS_value=
ac_cv_env_build_alias_set=
ac_cv_env_build_alias_value=
ac_cv_env_host_alias_set=
ac_cv_env_host_alias_value=
ac_cv_env_target_alias_set=
ac_cv_env_target_alias_value=
ac_cv_func_pthread_setaffinity_np=yes
ac_cv_func_pthread_spin_init=yes
ac_cv_func_sysconf=yes
ac_cv_header_dlfcn_h=yes
ac_cv_header_hwloc_h=no
ac_cv_header_inttypes_h=yes
ac_cv_header_memory_h=yes
ac_cv_header_minix_config_h=no
ac_cv_header_stdc=yes
ac_cv_header_stdint_h=yes
ac_cv_header_stdlib_h=yes
ac_cv_header_string_h=yes
ac_cv_header_strings_h=yes
ac_cv_header_sys_stat_h=yes
ac_cv_header_sys_types_h=yes
ac_cv_header_unistd_h=yes
ac_cv_host=i686-pc-linux-gnu
ac_cv_lib_hwloc_hwloc_set_cpubind=no
ac_cv_objext=o
ac_cv_path_EGREP='/bin/grep -E'
ac_cv_path_FGREP='/bin/grep -F'
ac_cv_path_GREP=/bin/grep
ac_cv_path_SED=/bin/sed
ac_cv_path_install='/usr/bin/install -c'
ac_cv_path_mkdir=/bin/mkdir
ac_cv_prog_AWK=mawk
ac_cv_prog_CPP='gcc -std=gnu99 -E'
ac_cv_prog_ac_ct_AR=ar
ac_cv_prog_ac_ct_CC=gcc
ac_cv_prog_ac_ct_MANIFEST_TOOL=mt
ac_cv_prog_ac_ct_OBJDUMP=objdump
ac_cv_prog_ac_ct_RANLIB=ranlib
ac_cv_prog_ac_ct_STRIP=strip
ac_cv_prog_cc_c89=
ac_cv_prog_cc_c99=-std=gnu99
ac_cv_prog_cc_g=yes
ac_cv_prog_make_make_set=yes
ac_cv_safe_to_define___extensions__=yes
ac_cv_search_cap_get_proc=no
ac_cv_search_clock_gettime='none required'
ac_cv_search_sem_init='none required'
ac_cv_tls=__thread
am_cv_CCAS_dependencies_compiler_type=gcc3
am_cv_CC_dependencies_compiler_type=gcc3
am_cv_make_support_nested_variables=yes
am_cv_prog_cc_c_o=yes
am_cv_prog_tar_ustar=gnutar
lt_cv_ar_at_file=@
lt_cv_archive_cmds_need_lc=no
lt_cv_deplibs_check_method=pass_all
lt_cv_file_magic_cmd='$MAGIC_CMD'
lt_cv_file_magic_test_file=
lt_cv_ld_reload_flag=-r
lt_cv_nm_interface='BSD nm'
lt_cv_objdir=.libs
lt_cv_path_LD=/usr/bin/ld
lt_cv_path_NM='/usr/bin/nm -B'
lt_cv_path_mainfest_tool=no
lt_cv_prog_compiler_c_o=yes
lt_cv_prog_compiler_pic='-fPIC -DPIC'
lt_cv_prog_compiler_pic_works=yes
lt_cv_prog_compiler_rtti_exceptions=no
lt_cv_prog_compiler_static_works=yes
lt_cv_prog_gnu_ld=yes
lt_cv_sharedlib_from_linklib_cmd='printf %s\n'
lt_cv_shlibpath_overrides_runpath=no
lt_cv_sys_global_symbol_pipe='sed -n -e '\''s/^.*[	 ]\([ABCDGIRSTW][ABCDGIRSTW]*\)[	 ][	 ]*\([_A-Za-z][_A-Za-z0-9]*\)$/\1 \2 \2/p'\'' | sed '\''/ __gnu_lto/d'\'''
lt_cv_sys_global_symbol_to_c_name_address='sed -n -e '\''s/^: \([^ ]*\)[ ]*$/  {\"\1\", (void *) 0},/p'\'' -e '\''s/^[ABCDGIRSTW]* \([^ ]*\) \([^ ]*\)$/  {"\2", (void *) \&\2},/p'\'''
lt_cv_sys_global_symbol_to_c_name_address_lib_prefix='sed -n -e '\''s/^: \([^ ]*\)[ ]*$/  {\"\1\", (void *) 0},/p'\'' -e '\''s/^[ABCDGIRSTW]* \([^ ]*\) \(lib[^ ]*\)$/  {"\2", (void *) \&\2},/p'\'' -e '\''s/^[ABCDGIRSTW]* \([^ ]*\) \([^ ]*\)$/  {"lib\2", (void *) \&\2},/p'\'''
lt_cv_sys_global_symbol_to_cdecl='sed -n -e '\''s/^T .* \(.*\)$/extern int \1();/p'\'' -e '\''s/^[ABCDGIRSTW]* .* \(.*\)$/extern char \1;/p'\'''
lt_cv_sys_max_cmd_len=1572864
lt_cv_to_host_file_cmd=func_convert_file_noop
lt_cv_to_tool_file_cmd=func_convert_file_noop

## ----------------- ##
## Output variables. ##
## ----------------- ##

ACLOCAL='${SHELL} /mnt/snet/lpel-master/build-aux/missing aclocal-1.14'
AMDEPBACKSLASH='\'
AMDEP_FALSE='#'
AMDEP_TRUE=''
AMTAR='$${TAR-tar}'
AM_BACKSLASH='\'
AM_DEFAULT_V='$(AM_DEFAULT_VERBOSITY)'
AM_DEFAULT_VERBOSITY='0'
AM_V='$(V)'
AR='ar'
AUTOCONF='${SHELL} /mnt/snet/lpel-master/build-aux/missing autoconf'
AUTOHEADER='${SHELL} /mnt/snet/lpel-master/build-aux/missing autoheader'
AUTOMAKE='${SHELL} /mnt/snet/lpel-master/build-aux/missing automake-1.14'
AWK='mawk'
CC='gcc -std=gnu99'
CCAS='gcc -std=gnu99'
CCASDEPMODE='depmode=gcc3'
CCASFLAGS='-g -O2'
CCDEPMODE='depmode=gcc3'
CFLAGS='-g -O2 -pthread'
CPP='gcc -std=gnu99 -E'
CPPFLAGS=' -I/mnt/snet/pcl-1.12/include'
CYGPATH_W='echo'
DEFS='-DPACKAGE_NAME=\"lpel\" -DPACKAGE_TARNAME=\"lpel\" -DPACKAGE_VERSION=\"1.x\" -DPACKAGE_STRING=\"lpel\ 1.x\" -DPACKAGE_BUGREPORT=\"daniel.prokesch@gmail.com\" -DPACKAGE_URL=\"\" -DSTDC_HEADERS=1 -DHAVE_SYS_TYPES_H=1 -DHAVE_SYS_STAT_H=1 -DHAVE_STDLIB_H=1 -DHAVE_STRING_H=1 -DHAVE_MEMORY_H=1 -DHAVE_STRINGS_H=1 -DHAVE_INTTYPES_H=1 -DHAVE_STDINT_H=1 -DHAVE_UNISTD_H=1 -D__EXTENSIONS__=1 -D_ALL_SOURCE=1 -D_GNU_SOURCE=1 -D_POSIX_PTHREAD_SEMANTICS=1 -D_TANDEM_SOURCE=1 -DHAVE_DLFCN_H=1 -DLT_OBJDIR=\".libs/\" -DHAVE_PCL=1 -DUSE_MCTX_PCL=1 -DHAVE_PTHREAD=1 -DHAVE_SYSCONF=1 -DHAVE_PTHREAD_SPIN_INIT=1 -DHAVE_PTHREAD_SETAFFINITY_NP=1 -DHAVE_POSIX_SEMAPHORES=1 -DHAVE_POSIX_TIMERS=1 -DHAVE_SYNC_ATOMIC_BUILTINS=1 -DTLSSPEC=__thread -DHAVE___THREAD=1'
DEPDIR='.deps'
DLLTOOL='false'
DSYMUTIL=''
DUMPBIN=''
ECHO_C=''
ECHO_N='-n'
ECHO_T=''
EGREP='/bin/grep -E'
EXEEXT=''
FGREP='/bin/grep -F'
GREP='/bin/grep'
INSTALL_DATA='${INSTALL} -m 644'
INSTALL_PROGRAM='${INSTALL}'
INSTALL_SCRIPT='${INSTALL}'
INSTALL_STRIP_PROGRAM='$(install_sh) -c -s'
LD='/usr/bin/ld'
LDFLAGS=''
LIBOBJS=''
LIBPCL_LA='/mnt/snet/pcl-1.12/pcl/libpcl.la'
LIBS=' '
LIBTOOL='$(SHELL) $(top_builddir)/libtool'
LIPO=''
LN_S='cp -pR'
LTLIBOBJS=''
MAKEINFO='${SHELL} /mnt/snet/lpel-master/build-aux/missing makeinfo'
MANIFEST_TOOL=':'
MKDIR_P='/bin/mkdir -p'
NM='/usr/bin/nm -B'
NMEDIT=''
OBJDUMP='objdump'
OBJEXT='o'
OTOOL64=''
OTOOL=''
PACKAGE='lpel'
PACKAGE_BUGREPORT='daniel.prokesch@gmail.com'
PACKAGE_NAME='lpel'
PACKAGE_STRING='lpel 1.x'
PACKAGE_TARNAME='lpel'
PACKAGE_URL=''
PACKAGE_VERSION='1.x'
PATH_SEPARATOR=':'
PTHREAD_CC='gcc -std=gnu99'
PTHREAD_CFLAGS='-pthread'
PTHREAD_LIBS=''
RANLIB='ranlib'
SED='/bin/sed'
SET_MAKE=''
SHELL='/bin/bash'
STRIP='strip'
USE_MCTX_PCL_FALSE='#'
USE_MCTX_PCL_TRUE=''
USE_MCTX_X86_64_FALSE=''
USE_MCTX_X86_64_MEM_FALSE=''
USE_MCTX_X86_64_MEM_TRUE='#'
USE_MCTX_X86_64_TRUE='#'
USE_MCTX_X86_FALSE=''
USE_MCTX_X86_TRUE='#'
USE_SCC_FALSE=''
USE_SCC_TRUE='#'
VERSION='1.x'
ac_ct_AR='ar'
ac_ct_CC='gcc'
ac_ct_DUMPBIN=''
am__EXEEXT_FALSE=''
am__EXEEXT_TRUE='#'
am__fastdepCCAS_FALSE='#'
am__fastdepCCAS_TRUE=''
am__fastdepCC_FALSE='#'
am__fastdepCC_TRUE=''
am__include='include'
am__isrc=''
am__leading_dot='.'
am__nodep='_no'
am__quote=''
am__tar='tar --format=ustar -chf - "$$tardir"'
am__untar='tar -xf -'
ax_pthread_config=''
bindir='${exec_prefix}/bin'
build='i686-pc-linux-gnu'
build_alias=''
build_cpu='i686'
build_os='linux-gnu'
build_vendor='pc'
datadir='${datarootdir}'
datarootdir='${prefix}/share'
docdir='${datarootdir}/doc/${PACKAGE_TARNAME}'
dvidir='${docdir}'
exec_prefix='${prefix}'
host='i686-pc-linux-gnu'
host_alias=''
host_cpu='i686'
host_os='linux-gnu'
host_vendor='pc'
htmldir='${docdir}'
includedir='${prefix}/include'
infodir='${datarootdir}/info'
install_sh='${SHELL} /mnt/snet/lpel-master/build-aux/install-sh'
libdir='${exec_prefix}/lib'
libexecdir='${exec_prefix}/libexec'
localedir='${datarootdir}/locale'
localstatedir='${prefix}/var'
mandir='${datarootdir}/man'
mkdir_p='$(MKDIR_P)'
oldincludedir='/usr/include'
pdfdir='${docdir}'
prefix='/mnt/snet/lpel-master'
program_transform_name='s,x,x,'
psdir='${docdir}'
sbindir='${exec_prefix}/sbin'
sharedstatedir='${prefix}/com'
sysconfdir='${prefix}/etc'
target_alias=''

## ----------- ##
## confdefs.h. ##
## ----------- ##

/* confdefs.h */
#define PACKAGE_NAME "lpel"
#define PACKAGE_TARNAME "lpel"
#define PACKAGE_VERSION "1.x"
#define PACKAGE_STRING "lpel 1.x"
#define PACKAGE_BUGREPORT "daniel.prokesch@gmail.com"
#define PACKAGE_URL ""
#define STDC_HEADERS 1
#define HAVE_SYS_TYPES_H 1
#define HAVE_SYS_STAT_H 1
#define HAVE_STDLIB_H 1
#define HAVE_STRING_H 1
#define HAVE_MEMORY_H 1
#define HAVE_STRINGS_H 1
#define HAVE_INTTYPES_H 1
#define HAVE_STDINT_H 1
#define HAVE_UNISTD_H 1
#define __EXTENSIONS__ 1
#define _ALL_SOURCE 1
#define _GNU_SOURCE 1
#define _POSIX_PTHREAD_SEMANTICS 1
#define _TANDEM_SOURCE 1
#define HAVE_DLFCN_H 1
#define LT_OBJDIR ".libs/"
#define HAVE_PCL 1
#define USE_MCTX_PCL 1
#define HAVE_PTHREAD 1
#define HAVE_SYSCONF 1
#define HAVE_PTHREAD_SPIN_INIT 1
#define HAVE_PTHREAD_SETAFFINITY_NP 1
#define HAVE_POSIX_SEMAPHORES 1
#define HAVE_POSIX_TIMERS 1
#define HAVE_SYNC_ATOMIC_BUILTINS 1
#define TLSSPEC __thread
#define HAVE___THREAD 1

configure: exit 0
